<?xml version="1.0" encoding="UTF-8"?>
<!-- Generated by org.testng.reporters.JUnitXMLReporter -->
<testsuite ignored="3" hostname="NSL-6388" failures="1" tests="41" name="Test" time="1134.504" errors="0" timestamp="2024-02-28T11:08:49 IST">
  <testcase classname="loungePro.testcases.SuperAdminDashboardTest" name="verifyCompanyTab" time="6.411"/>
  <testcase classname="loungePro.testcases.SuperAdminDashboardTest" name="verifyCorrectUserName" time="7.309"/>
  <testcase classname="loungePro.testcases.SuperAdminDashboardTest" name="verifyCorrectUserRole" time="6.649"/>
  <testcase classname="loungePro.testcases.SuperAdminDashboardTest" name="verifyDownQR" time="7.372"/>
  <testcase classname="loungePro.testcases.SuperAdminDashboardTest" name="verifyLocationsTab" time="13.481"/>
  <testcase classname="loungePro.testcases.SuperAdminDashboardTest" name="verifyManagerLogTab" time="7.706"/>
  <testcase classname="loungePro.testcases.SuperAdminDashboardTest" name="verifyPermissionsTab" time="6.442"/>
  <testcase classname="loungePro.testcases.SuperAdminDashboardTest" name="verifyRolesTab" time="7.14"/>
  <testcase classname="loungePro.testcases.SuperAdminDashboardTest" name="verifyUsersTab" time="6.392"/>
  <testcase classname="loungePro.testcases.SuperAdminDashboardTest" name="verifyPassenger" time="7.604"/>
  <testcase classname="loungePro.testcases.SuperAdminDashboardTest" name="verifyLogOutUser" time="8.91"/>
  <testcase classname="loungePro.testcases.DailyLogTest" name="setExistingLocationsAnsShift" time="57.35"/>
  <testcase classname="loungePro.testcases.DailyLogTest" name="verifyDailylogByManager" time="11.268"/>
  <testcase classname="loungePro.testcases.DailyLogTest" name="verifyDailylogByManager" time="11.288"/>
  <testcase classname="loungePro.testcases.DailyLogTest" name="verifyDailylogByManager" time="14.34"/>
  <testcase classname="loungePro.testcases.DailyLogTest" name="verifyDailylogByManager" time="14.41"/>
  <testcase classname="loungePro.testcases.DailyLogTest" name="verifyDailylogByManager" time="17.141"/>
  <testcase classname="loungePro.testcases.DailyLogTest" name="verifyDailyLogPageURL" time="3.015"/>
  <testcase classname="loungePro.testcases.DailyLogTest" name="verifyLogEntryAlreadyExists" time="12.078"/>
  <testcase classname="loungePro.testcases.DailyLogTest" name="verifClearButton" time="11.025"/>
  <testcase classname="loungePro.testcases.DailyLogTest" name="verifyDefaultValues" time="7.81"/>
  <testcase classname="loungePro.testcases.DailyManagerLogTest" name="verifyDailyManagerLogEntryPageURL" time="3.122"/>
  <testcase classname="loungePro.testcases.DailyManagerLogTest" name="verifyNumberOfItems" time="5.067"/>
  <testcase classname="loungePro.testcases.DailyManagerLogTest" name="verifyNewlyAddedManagerLogEntries" time="17.164"/>
  <testcase classname="loungePro.testcases.DailyManagerLogTest" name="verifyNewlyAddedManagerLogEntries" time="15.585"/>
  <testcase classname="loungePro.testcases.DailyManagerLogTest" name="verifyNewlyAddedManagerLogEntries" time="15.393"/>
  <testcase classname="loungePro.testcases.DailyManagerLogTest" name="verifyNewlyAddedManagerLogEntries" time="17.425"/>
  <testcase classname="loungePro.testcases.DailyManagerLogTest" name="verifyNewlyAddedManagerLogEntries" time="17.051"/>
  <testcase classname="loungePro.testcases.DailyManagerLogTest" name="verifyDefaultFromDate" time="6.226"/>
  <testcase classname="loungePro.testcases.DailyManagerLogTest" name="verifyDefaultToDate" time="5.236"/>
  <testcase classname="loungePro.testcases.RegistrationTest" name="verifyValidationOnReqdFields" time="21.426"/>
  <testcase classname="loungePro.testcases.RegistrationTest" name="verifyCancelButton" time="23.426"/>
  <testcase classname="loungePro.testcases.RegistrationTest" name="verifyManualRegistrionOfPassenger" time="32.636">
    <failure type="java.lang.AssertionError" message="expected [true] but found [false]">
      <![CDATA[java.lang.AssertionError: expected [true] but found [false]
at loungePro.testcases.RegistrationTest.verifyManualRegistrionOfPassenger(RegistrationTest.java:101)
at java.base/java.util.ArrayList.forEach(ArrayList.java:1596)
... Removed 29 stack frames]]>
    </failure>
  </testcase> <!-- verifyManualRegistrionOfPassenger -->
  <testcase classname="loungePro.testcases.RegistrationTest" name="verifyValidationOfFlightAndLastName" time="26.526"/>
  <testcase classname="loungePro.testcases.LogInPageTest" name="verifyCheckIn" time="10.788"/>
  <testcase classname="loungePro.testcases.LogInPageTest" name="verifyValidationMessageInvalidIdAndPassword" time="7.637"/>
  <testcase classname="loungePro.testcases.LogInPageTest" name="verifyValidationMessageNoPasswordEntered" time="7.475"/>
  <testcase classname="loungePro.testcases.LogInPageTest" name="verifyValidationMessageWhenNoCredentialsEntered" time="6.842"/>
  <testcase classname="loungePro.testcases.LogInPageTest" name="verifyPageTitle" time="0.073"/>
  <testcase classname="loungePro.testcases.LogInPageTest" name="verifyParaHeading" time="5.238"/>
  <testcase classname="loungePro.testcases.LogInPageTest" name="verifyParaText" time="4.026"/>
  <testcase classname="loungePro.testcases.RegistrationTest" name="verifyOldRegCount" time="0.0">
    <ignored/>
  </testcase> <!-- verifyOldRegCount -->
  <testcase classname="loungePro.testcases.RegistrationTest" name="verifyNewRegCount" time="0.0">
    <ignored/>
  </testcase> <!-- verifyNewRegCount -->
  <testcase classname="loungePro.testcases.DailyManagerLogTest" name="verifyNewlyAddedManagerLogEntriesOld" time="0.0">
    <ignored/>
  </testcase> <!-- verifyNewlyAddedManagerLogEntriesOld -->
</testsuite> <!-- Test -->
