<?xml version="1.0" encoding="UTF-8"?>
<!-- Generated by org.testng.reporters.JUnitXMLReporter -->
<testsuite ignored="0" hostname="NSL-6388" failures="0" tests="3" name="Default test" time="72.729" errors="0" timestamp="2023-11-30T16:35:17 IST">
  <testcase classname="loungePro.testcases.RegistrationTest" name="verifyOldRegCount" time="17.795"/>
  <testcase classname="loungePro.testcases.RegistrationTest" name="verifyManualRegistrionOfPassenger" time="15.293"/>
  <testcase classname="loungePro.testcases.RegistrationTest" name="verifyNewRegCount" time="18.377"/>
</testsuite> <!-- Default test -->
