<?xml version="1.0" encoding="UTF-8"?>
<!-- Generated by org.testng.reporters.JUnitXMLReporter -->
<testsuite ignored="2" hostname="NSL-6388" failures="0" tests="4" name="Default test" time="130.906" errors="0" timestamp="2023-12-13T19:28:31 IST">
  <testcase classname="loungePro.testcases.RegistrationTest" name="verifyCancelButton" time="30.126"/>
  <testcase classname="loungePro.testcases.RegistrationTest" name="verifyManualRegistrionOfPassenger" time="31.872"/>
  <testcase classname="loungePro.testcases.RegistrationTest" name="verifyValidationOfFlightAndLastName" time="16.803"/>
  <testcase classname="loungePro.testcases.RegistrationTest" name="verifyValidationOnReqdFields" time="13.821"/>
  <testcase classname="loungePro.testcases.RegistrationTest" name="verifyOldRegCount" time="0.0">
    <ignored/>
  </testcase> <!-- verifyOldRegCount -->
  <testcase classname="loungePro.testcases.RegistrationTest" name="verifyNewRegCount" time="0.0">
    <ignored/>
  </testcase> <!-- verifyNewRegCount -->
</testsuite> <!-- Default test -->
