<?xml version="1.0" encoding="UTF-8"?>
<!-- Generated by org.testng.reporters.JUnitXMLReporter -->
<testsuite ignored="2" hostname="NSL-6388" failures="0" tests="6" name="Test" time="56.25" errors="0" timestamp="2023-11-29T18:16:49 IST">
  <testcase classname="loungePro.testcases.SuperAdminDashboardTest" name="verifyCorrectUserName" time="6.335"/>
  <testcase classname="loungePro.testcases.SuperAdminDashboardTest" name="verifyCorrectUserRole" time="4.818"/>
  <testcase classname="loungePro.testcases.SuperAdminDashboardTest" name="verifyLogOutUser" time="8.406"/>
  <testcase classname="loungePro.testcases.LogInPageTest" name="verifyPageTitle" time="0.036"/>
  <testcase classname="loungePro.testcases.LogInPageTest" name="verifyParaHeading" time="3.392"/>
  <testcase classname="loungePro.testcases.LogInPageTest" name="verifyCheckIn" time="5.515"/>
  <testcase classname="loungePro.testcases.SuperAdminDashboardTest" name="verifyPassenger" time="0.0">
    <ignored/>
  </testcase> <!-- verifyPassenger -->
  <testcase classname="loungePro.testcases.LogInPageTest" name="verifyParaText" time="0.0">
    <ignored/>
  </testcase> <!-- verifyParaText -->
</testsuite> <!-- Test -->
