<?xml version="1.0" encoding="UTF-8"?>
<!-- Generated by org.testng.reporters.JUnitXMLReporter -->
<testsuite ignored="7" hostname="NSL-6388" failures="1" tests="8" name="Test" time="91.556" errors="0" timestamp="2023-12-06T12:44:48 IST">
  <testcase classname="loungePro.testcases.SuperAdminDashboardTest" name="verifyLocationsTab" time="6.0"/>
  <testcase classname="loungePro.testcases.SuperAdminDashboardTest" name="verifyManagerLogTab" time="5.509"/>
  <testcase classname="loungePro.testcases.SuperAdminDashboardTest" name="verifyPermissionsTab" time="6.144"/>
  <testcase classname="loungePro.testcases.SuperAdminDashboardTest" name="verifyLogOutUser" time="8.402"/>
  <testcase classname="loungePro.testcases.LogInPageTest" name="verifyPageTitle" time="0.034"/>
  <testcase classname="loungePro.testcases.LogInPageTest" name="verifyParaHeading" time="3.328"/>
  <testcase classname="loungePro.testcases.LogInPageTest" name="verifyCheckIn" time="6.0"/>
  <testcase classname="loungePro.testcases.GeneralDashBoardTest" name="verifyNumberOfCompanies" time="6.006">
    <failure type="java.lang.NullPointerException" message="Cannot invoke &amp;quot;java.util.List.size()&amp;quot; because &amp;quot;this.noOfCompanies&amp;quot; is null">
      <![CDATA[java.lang.NullPointerException: Cannot invoke "java.util.List.size()" because "this.noOfCompanies" is null
at loungePro.pages.GeneralDashboardPage.getNumberOfCompanies(GeneralDashboardPage.java:34)
at loungePro.testcases.GeneralDashBoardTest.verifyNumberOfCompanies(GeneralDashBoardTest.java:44)
at java.base/java.util.ArrayList.forEach(ArrayList.java:1596)
... Removed 25 stack frames]]>
    </failure>
  </testcase> <!-- verifyNumberOfCompanies -->
  <testcase classname="loungePro.testcases.SuperAdminDashboardTest" name="verifyRolesTab" time="0.0">
    <ignored/>
  </testcase> <!-- verifyRolesTab -->
  <testcase classname="loungePro.testcases.SuperAdminDashboardTest" name="verifyUsersTab" time="0.0">
    <ignored/>
  </testcase> <!-- verifyUsersTab -->
  <testcase classname="loungePro.testcases.SuperAdminDashboardTest" name="verifyPassenger" time="0.0">
    <ignored/>
  </testcase> <!-- verifyPassenger -->
  <testcase classname="loungePro.testcases.SuperAdminDashboardTest" name="verifyCorrectUserName" time="0.0">
    <ignored/>
  </testcase> <!-- verifyCorrectUserName -->
  <testcase classname="loungePro.testcases.LogInPageTest" name="verifyParaText" time="0.0">
    <ignored/>
  </testcase> <!-- verifyParaText -->
  <testcase classname="loungePro.testcases.SuperAdminDashboardTest" name="verifyCorrectUserRole" time="0.0">
    <ignored/>
  </testcase> <!-- verifyCorrectUserRole -->
  <testcase classname="loungePro.testcases.SuperAdminDashboardTest" name="verifyCompanyTab" time="0.0">
    <ignored/>
  </testcase> <!-- verifyCompanyTab -->
</testsuite> <!-- Test -->
