<?xml version="1.0" encoding="UTF-8"?>
<testng-results ignored="0" total="3" passed="3" failed="0" skipped="0">
  <reporter-output>
  </reporter-output>
  <suite started-at="2023-11-30T16:34:04 IST" name="Default suite" finished-at="2023-11-30T16:35:17 IST" duration-ms="72729">
    <groups>
    </groups>
    <test started-at="2023-11-30T16:34:04 IST" name="Default test" finished-at="2023-11-30T16:35:17 IST" duration-ms="72729">
      <class name="loungePro.testcases.RegistrationTest">
        <test-method is-config="true" signature="setUp()[pri:0, instance:loungePro.testcases.RegistrationTest@6e20b53a]" started-at="2023-11-30T16:34:04 IST" name="setUp" finished-at="2023-11-30T16:34:12 IST" duration-ms="7600" status="PASS">
          <reporter-output>
          </reporter-output>
        </test-method> <!-- setUp -->
        <test-method signature="verifyOldRegCount()[pri:0, instance:loungePro.testcases.RegistrationTest@6e20b53a]" started-at="2023-11-30T16:34:12 IST" name="verifyOldRegCount" finished-at="2023-11-30T16:34:30 IST" duration-ms="17795" status="PASS">
          <reporter-output>
          </reporter-output>
        </test-method> <!-- verifyOldRegCount -->
        <test-method is-config="true" signature="tearDown()[pri:0, instance:loungePro.testcases.RegistrationTest@6e20b53a]" started-at="2023-11-30T16:34:30 IST" name="tearDown" finished-at="2023-11-30T16:34:30 IST" duration-ms="152" status="PASS">
          <reporter-output>
          </reporter-output>
        </test-method> <!-- tearDown -->
        <test-method is-config="true" signature="setUp()[pri:0, instance:loungePro.testcases.RegistrationTest@6e20b53a]" started-at="2023-11-30T16:34:30 IST" name="setUp" finished-at="2023-11-30T16:34:36 IST" duration-ms="6610" status="PASS">
          <reporter-output>
          </reporter-output>
        </test-method> <!-- setUp -->
        <test-method signature="verifyManualRegistrionOfPassenger()[pri:1, instance:loungePro.testcases.RegistrationTest@6e20b53a]" started-at="2023-11-30T16:34:36 IST" name="verifyManualRegistrionOfPassenger" finished-at="2023-11-30T16:34:52 IST" duration-ms="15293" status="PASS">
          <reporter-output>
          </reporter-output>
        </test-method> <!-- verifyManualRegistrionOfPassenger -->
        <test-method is-config="true" signature="tearDown()[pri:0, instance:loungePro.testcases.RegistrationTest@6e20b53a]" started-at="2023-11-30T16:34:52 IST" name="tearDown" finished-at="2023-11-30T16:34:52 IST" duration-ms="119" status="PASS">
          <reporter-output>
          </reporter-output>
        </test-method> <!-- tearDown -->
        <test-method is-config="true" signature="setUp()[pri:0, instance:loungePro.testcases.RegistrationTest@6e20b53a]" started-at="2023-11-30T16:34:52 IST" name="setUp" finished-at="2023-11-30T16:34:58 IST" duration-ms="6562" status="PASS">
          <reporter-output>
          </reporter-output>
        </test-method> <!-- setUp -->
        <test-method signature="verifyNewRegCount()[pri:2, instance:loungePro.testcases.RegistrationTest@6e20b53a]" started-at="2023-11-30T16:34:58 IST" name="verifyNewRegCount" finished-at="2023-11-30T16:35:17 IST" duration-ms="18377" status="PASS">
          <reporter-output>
          </reporter-output>
        </test-method> <!-- verifyNewRegCount -->
        <test-method is-config="true" signature="tearDown()[pri:0, instance:loungePro.testcases.RegistrationTest@6e20b53a]" started-at="2023-11-30T16:35:17 IST" name="tearDown" finished-at="2023-11-30T16:35:17 IST" duration-ms="168" status="PASS">
          <reporter-output>
          </reporter-output>
        </test-method> <!-- tearDown -->
      </class> <!-- loungePro.testcases.RegistrationTest -->
    </test> <!-- Default test -->
  </suite> <!-- Default suite -->
</testng-results>
