<?xml version="1.0" encoding="UTF-8"?>
<testng-results ignored="2" total="6" passed="4" failed="0" skipped="0">
  <reporter-output>
  </reporter-output>
  <suite started-at="2023-12-13T19:26:20 IST" name="Default suite" finished-at="2023-12-13T19:28:31 IST" duration-ms="130906">
    <groups>
    </groups>
    <test started-at="2023-12-13T19:26:20 IST" name="Default test" finished-at="2023-12-13T19:28:31 IST" duration-ms="130906">
      <class name="loungePro.testcases.RegistrationTest">
        <test-method is-config="true" signature="setUp()[pri:0, instance:loungePro.testcases.RegistrationTest@6aba2b86]" started-at="2023-12-13T19:26:20 IST" name="setUp" finished-at="2023-12-13T19:26:30 IST" duration-ms="10029" status="PASS">
          <reporter-output>
          </reporter-output>
        </test-method> <!-- setUp -->
        <test-method signature="verifyCancelButton()[pri:2, instance:loungePro.testcases.RegistrationTest@6aba2b86]" started-at="2023-12-13T19:26:30 IST" name="verifyCancelButton" finished-at="2023-12-13T19:27:00 IST" duration-ms="30126" status="PASS">
          <reporter-output>
          </reporter-output>
        </test-method> <!-- verifyCancelButton -->
        <test-method is-config="true" signature="tearDown()[pri:0, instance:loungePro.testcases.RegistrationTest@6aba2b86]" started-at="2023-12-13T19:27:00 IST" name="tearDown" finished-at="2023-12-13T19:27:02 IST" duration-ms="1390" status="PASS">
          <reporter-output>
          </reporter-output>
        </test-method> <!-- tearDown -->
        <test-method is-config="true" signature="setUp()[pri:0, instance:loungePro.testcases.RegistrationTest@6aba2b86]" started-at="2023-12-13T19:27:02 IST" name="setUp" finished-at="2023-12-13T19:27:13 IST" duration-ms="11715" status="PASS">
          <reporter-output>
          </reporter-output>
        </test-method> <!-- setUp -->
        <test-method signature="verifyManualRegistrionOfPassenger()[pri:2, instance:loungePro.testcases.RegistrationTest@6aba2b86]" started-at="2023-12-13T19:27:13 IST" name="verifyManualRegistrionOfPassenger" finished-at="2023-12-13T19:27:45 IST" duration-ms="31872" status="PASS">
          <reporter-output>
          </reporter-output>
        </test-method> <!-- verifyManualRegistrionOfPassenger -->
        <test-method is-config="true" signature="tearDown()[pri:0, instance:loungePro.testcases.RegistrationTest@6aba2b86]" started-at="2023-12-13T19:27:45 IST" name="tearDown" finished-at="2023-12-13T19:27:45 IST" duration-ms="260" status="PASS">
          <reporter-output>
          </reporter-output>
        </test-method> <!-- tearDown -->
        <test-method is-config="true" signature="setUp()[pri:0, instance:loungePro.testcases.RegistrationTest@6aba2b86]" started-at="2023-12-13T19:27:45 IST" name="setUp" finished-at="2023-12-13T19:27:53 IST" duration-ms="7263" status="PASS">
          <reporter-output>
          </reporter-output>
        </test-method> <!-- setUp -->
        <test-method signature="verifyValidationOfFlightAndLastName()[pri:2, instance:loungePro.testcases.RegistrationTest@6aba2b86]" started-at="2023-12-13T19:27:53 IST" name="verifyValidationOfFlightAndLastName" finished-at="2023-12-13T19:28:09 IST" duration-ms="16803" status="PASS">
          <reporter-output>
          </reporter-output>
        </test-method> <!-- verifyValidationOfFlightAndLastName -->
        <test-method is-config="true" signature="tearDown()[pri:0, instance:loungePro.testcases.RegistrationTest@6aba2b86]" started-at="2023-12-13T19:28:09 IST" name="tearDown" finished-at="2023-12-13T19:28:10 IST" duration-ms="273" status="PASS">
          <reporter-output>
          </reporter-output>
        </test-method> <!-- tearDown -->
        <test-method is-config="true" signature="setUp()[pri:0, instance:loungePro.testcases.RegistrationTest@6aba2b86]" started-at="2023-12-13T19:28:10 IST" name="setUp" finished-at="2023-12-13T19:28:17 IST" duration-ms="7025" status="PASS">
          <reporter-output>
          </reporter-output>
        </test-method> <!-- setUp -->
        <test-method signature="verifyValidationOnReqdFields()[pri:2, instance:loungePro.testcases.RegistrationTest@6aba2b86]" started-at="2023-12-13T19:28:17 IST" name="verifyValidationOnReqdFields" finished-at="2023-12-13T19:28:31 IST" duration-ms="13821" status="PASS">
          <reporter-output>
          </reporter-output>
        </test-method> <!-- verifyValidationOnReqdFields -->
        <test-method is-config="true" signature="tearDown()[pri:0, instance:loungePro.testcases.RegistrationTest@6aba2b86]" started-at="2023-12-13T19:28:31 IST" name="tearDown" finished-at="2023-12-13T19:28:31 IST" duration-ms="255" status="PASS">
          <reporter-output>
          </reporter-output>
        </test-method> <!-- tearDown -->
      </class> <!-- loungePro.testcases.RegistrationTest -->
    </test> <!-- Default test -->
  </suite> <!-- Default suite -->
</testng-results>
